<?xml version="1.0" encoding="UTF-8" ?>
<testsuite tests="4" failures="0" name="wx.inmemory.InMemoryAuthControllerIntegrationTest" time="0.525" errors="0" skipped="0">
  <properties>
[...]
</properties>
  <testcase classname="wx.inmemory.InMemoryAuthControllerIntegrationTest" name="givenAuthRequestOnPrivateService_shouldSucceedWith200" time="0.385"/>
  <testcase classname="wx.inmemory.InMemoryAuthControllerIntegrationTest" name="givenRequestOnPublicService_shouldSucceedWith200" time="0.005"/>
  <testcase classname="wx.inmemory.InMemoryAuthControllerIntegrationTest" name="givenRequestOnPrivateService_shouldFailWith401" time="0.042"/>
  <testcase classname="wx.inmemory.InMemoryAuthControllerIntegrationTest" name="givenInvalidAuthRequestOnPrivateService_shouldSucceedWith200" time="0.093"/>
</testsuite>